2024.01.12 12:08:51 INFO  Started: Metals version 1.2.0 in folders 'C:\Users\ervan\Documents\GitHub\PR7BIGDATA' for client Visual Studio Code 1.85.1.
janv. 12, 2024 12:08:54 SOIR org.eclipse.lsp4j.jsonrpc.RemoteEndpoint handleCancellation
WARNING: Unmatched cancel notification for request id 1
2024.01.12 12:08:56 INFO  Running List(C:\Users\ervan\AppData\Local\Coursier\data\bin\scala-cli.BAT, setup-ide, C:\Users\ervan\Documents\GitHub\PR7BIGDATA)
2024.01.12 12:08:56 INFO  Attempting to connect to the build server...
2024.01.12 12:08:56 INFO  Running BSP server List(C:\Users\ervan\AppData\Local\Coursier\data\bin\.scala-cli.aux.exe, bsp, --json-options, C:\Users\ervan\Documents\GitHub\PR7BIGDATA\.scala-build\ide-options-v2.json, C:\Users\ervan\Documents\GitHub\PR7BIGDATA)
2024.01.12 12:08:56 INFO  tracing is disabled for protocol BSP, to enable tracing of incoming and outgoing JSON messages create an empty file at C:\Users\ervan\Documents\GitHub\PR7BIGDATA\.metals\bsp.trace.json or C:\Users\ervan\AppData\Local\scalameta\metals\cache\bsp.trace.json
2024.01.12 12:08:57 INFO  BSP server: Downloading https://repo1.maven.org/maven2/io/github/alexarchambault/bleep/bloop-frontend_2.12/1.5.11-sc-2/bloop-frontend_2.12-1.5.11-sc-2.pom
2024.01.12 12:08:57 INFO  BSP server: Downloaded https://repo1.maven.org/maven2/io/github/alexarchambault/bleep/bloop-frontend_2.12/1.5.11-sc-2/bloop-frontend_2.12-1.5.11-sc-2.pom
2024.01.12 12:08:57 INFO  BSP server: Downloading https://repo1.maven.org/maven2/ch/qos/logback/logback-classic/1.4.6/logback-classic-1.4.6.pom
2024.01.12 12:08:57 INFO  BSP server: Downloading https://repo1.maven.org/maven2/ch/epfl/scala/scala-debug-adapter_2.12/3.1.4/scala-debug-adapter_2.12-3.1.4.pom
2024.01.12 12:08:57 INFO  BSP server: Downloading https://repo1.maven.org/maven2/io/github/alexarchambault/bleep/bloop-backend_2.12/1.5.11-sc-2/bloop-backend_2.12-1.5.11-sc-2.pom
2024.01.12 12:08:57 INFO  BSP server: Downloading https://repo1.maven.org/maven2/ch/epfl/scala/bloop-config_2.12/1.5.5/bloop-config_2.12-1.5.5.pom
2024.01.12 12:08:57 INFO  BSP server: Downloading https://repo1.maven.org/maven2/io/github/alexarchambault/libdaemon/libdaemon_2.12/0.0.11/libdaemon_2.12-0.0.11.pom
2024.01.12 12:08:57 INFO  BSP server: Downloading https://repo1.maven.org/maven2/com/github/alexarchambault/case-app_2.12/2.0.6/case-app_2.12-2.0.6.pom
2024.01.12 12:08:57 INFO  BSP server: Downloaded https://repo1.maven.org/maven2/ch/qos/logback/logback-classic/1.4.6/logback-classic-1.4.6.pom
2024.01.12 12:08:57 INFO  BSP server: Downloaded https://repo1.maven.org/maven2/ch/epfl/scala/scala-debug-adapter_2.12/3.1.4/scala-debug-adapter_2.12-3.1.4.pom
2024.01.12 12:08:57 INFO  BSP server: Downloaded https://repo1.maven.org/maven2/io/github/alexarchambault/bleep/bloop-backend_2.12/1.5.11-sc-2/bloop-backend_2.12-1.5.11-sc-2.pom
2024.01.12 12:08:57 INFO  BSP server: Downloaded https://repo1.maven.org/maven2/ch/epfl/scala/bloop-config_2.12/1.5.5/bloop-config_2.12-1.5.5.pom
2024.01.12 12:08:57 INFO  BSP server: Downloaded https://repo1.maven.org/maven2/com/github/alexarchambault/case-app_2.12/2.0.6/case-app_2.12-2.0.6.pom
2024.01.12 12:08:57 INFO  BSP server: Downloaded https://repo1.maven.org/maven2/io/github/alexarchambault/libdaemon/libdaemon_2.12/0.0.11/libdaemon_2.12-0.0.11.pom
2024.01.12 12:08:57 INFO  BSP server: Downloading https://repo1.maven.org/maven2/ch/qos/logback/logback-parent/1.4.6/logback-parent-1.4.6.pom
2024.01.12 12:08:57 INFO  BSP server: Downloaded https://repo1.maven.org/maven2/ch/qos/logback/logback-parent/1.4.6/logback-parent-1.4.6.pom
2024.01.12 12:08:57 INFO  BSP server: Downloading https://repo1.maven.org/maven2/org/zeroturnaround/zt-zip/1.16/zt-zip-1.16.pom
2024.01.12 12:08:57 INFO  BSP server: Downloading https://repo1.maven.org/maven2/com/github/alexarchambault/case-app-annotations_2.12/2.0.6/case-app-annotations_2.12-2.0.6.pom
2024.01.12 12:08:57 INFO  BSP server: Downloading https://repo1.maven.org/maven2/org/slf4j/slf4j-api/2.0.4/slf4j-api-2.0.4.pom
2024.01.12 12:08:57 INFO  BSP server: Downloading https://repo1.maven.org/maven2/com/github/alexarchambault/case-app-util_2.12/2.0.6/case-app-util_2.12-2.0.6.pom
2024.01.12 12:08:57 INFO  BSP server: Downloading https://repo1.maven.org/maven2/io/zipkin/brave/brave/5.16.0/brave-5.16.0.pom
2024.01.12 12:08:57 INFO  BSP server: Downloading https://repo1.maven.org/maven2/io/github/alexarchambault/bleep/nailgun-server/1.0.7/nailgun-server-1.0.7.pom
2024.01.12 12:08:57 INFO  BSP server: Downloaded https://repo1.maven.org/maven2/org/zeroturnaround/zt-zip/1.16/zt-zip-1.16.pom
2024.01.12 12:08:57 INFO  BSP server: Downloading https://repo1.maven.org/maven2/com/lihaoyi/sourcecode_2.12/0.3.0/sourcecode_2.12-0.3.0.pom
2024.01.12 12:08:57 INFO  BSP server: Downloaded https://repo1.maven.org/maven2/com/github/alexarchambault/case-app-annotations_2.12/2.0.6/case-app-annotations_2.12-2.0.6.pom
2024.01.12 12:08:57 INFO  BSP server: Downloading https://repo1.maven.org/maven2/io/monix/monix_2.12/3.2.0/monix_2.12-3.2.0.pom
2024.01.12 12:08:57 INFO  BSP server: Downloaded https://repo1.maven.org/maven2/org/slf4j/slf4j-api/2.0.4/slf4j-api-2.0.4.pom
2024.01.12 12:08:57 INFO  BSP server: Downloading https://repo1.maven.org/maven2/ch/epfl/scala/directory-watcher/0.8.0+6-f651bd93/directory-watcher-0.8.0+6-f651bd93.pom
2024.01.12 12:08:57 INFO  BSP server: Downloaded https://repo1.maven.org/maven2/com/github/alexarchambault/case-app-util_2.12/2.0.6/case-app-util_2.12-2.0.6.pom
2024.01.12 12:08:57 INFO  BSP server: Downloading https://repo1.maven.org/maven2/com/github/plokhotnyuk/jsoniter-scala/jsoniter-scala-core_2.12/2.4.0/jsoniter-scala-core_2.12-2.4.0.pom
2024.01.12 12:08:57 INFO  BSP server: Downloaded https://repo1.maven.org/maven2/io/zipkin/brave/brave/5.16.0/brave-5.16.0.pom
2024.01.12 12:08:57 INFO  BSP server: Downloading https://repo1.maven.org/maven2/org/scala-lang/modules/scala-collection-compat_2.12/2.11.0/scala-collection-compat_2.12-2.11.0.pom
2024.01.12 12:08:57 INFO  BSP server: Downloaded https://repo1.maven.org/maven2/com/lihaoyi/sourcecode_2.12/0.3.0/sourcecode_2.12-0.3.0.pom
2024.01.12 12:08:57 INFO  BSP server: Downloading https://repo1.maven.org/maven2/org/scala-sbt/test-agent/1.8.3/test-agent-1.8.3.pom
2024.01.12 12:08:57 INFO  BSP server: Downloaded https://repo1.maven.org/maven2/io/monix/monix_2.12/3.2.0/monix_2.12-3.2.0.pom
2024.01.12 12:08:57 INFO  BSP server: Downloading https://repo1.maven.org/maven2/com/lihaoyi/pprint_2.12/0.8.1/pprint_2.12-0.8.1.pom
2024.01.12 12:08:57 INFO  BSP server: Downloaded https://repo1.maven.org/maven2/com/github/plokhotnyuk/jsoniter-scala/jsoniter-scala-core_2.12/2.4.0/jsoniter-scala-core_2.12-2.4.0.pom
2024.01.12 12:08:57 INFO  BSP server: Downloading https://repo1.maven.org/maven2/ch/epfl/scala/com-microsoft-java-debug-core/0.34.0+20/com-microsoft-java-debug-core-0.34.0+20.pom
2024.01.12 12:08:57 INFO  BSP server: Downloaded https://repo1.maven.org/maven2/ch/epfl/scala/directory-watcher/0.8.0+6-f651bd93/directory-watcher-0.8.0+6-f651bd93.pom
2024.01.12 12:08:57 INFO  BSP server: Downloaded https://repo1.maven.org/maven2/io/github/alexarchambault/bleep/nailgun-server/1.0.7/nailgun-server-1.0.7.pom
2024.01.12 12:08:57 INFO  BSP server: Downloading https://repo1.maven.org/maven2/org/scala-sbt/librarymanagement-ivy_2.12/1.9.2/librarymanagement-ivy_2.12-1.9.2.pom
2024.01.12 12:08:57 INFO  BSP server: Downloaded https://repo1.maven.org/maven2/org/scala-lang/modules/scala-collection-compat_2.12/2.11.0/scala-collection-compat_2.12-2.11.0.pom
2024.01.12 12:08:57 INFO  BSP server: Downloading https://repo1.maven.org/maven2/ch/qos/logback/logback-core/1.4.6/logback-core-1.4.6.pom
2024.01.12 12:08:57 INFO  BSP server: Downloaded https://repo1.maven.org/maven2/org/scala-sbt/test-agent/1.8.3/test-agent-1.8.3.pom
2024.01.12 12:08:57 INFO  BSP server: Downloaded https://repo1.maven.org/maven2/com/lihaoyi/pprint_2.12/0.8.1/pprint_2.12-0.8.1.pom
2024.01.12 12:08:57 INFO  BSP server: Downloading https://repo1.maven.org/maven2/org/scalaz/scalaz-core_2.12/7.3.7/scalaz-core_2.12-7.3.7.pom
2024.01.12 12:08:57 INFO  BSP server: Downloading https://repo1.maven.org/maven2/org/ow2/asm/asm-util/9.5/asm-util-9.5.pom
2024.01.12 12:08:57 INFO  BSP server: Downloading https://repo1.maven.org/maven2/io/zipkin/reporter2/zipkin-sender-urlconnection/2.16.4/zipkin-sender-urlconnection-2.16.4.pom
2024.01.12 12:08:57 INFO  BSP server: Downloaded https://repo1.maven.org/maven2/ch/epfl/scala/com-microsoft-java-debug-core/0.34.0+20/com-microsoft-java-debug-core-0.34.0+20.pom
2024.01.12 12:08:57 INFO  BSP server: Downloading https://repo1.maven.org/maven2/io/github/alexarchambault/bleep/bloop-shared_2.12/1.5.11-sc-2/bloop-shared_2.12-1.5.11-sc-2.pom
2024.01.12 12:08:57 INFO  BSP server: Downloaded https://repo1.maven.org/maven2/org/scala-sbt/librarymanagement-ivy_2.12/1.9.2/librarymanagement-ivy_2.12-1.9.2.pom
2024.01.12 12:08:57 INFO  BSP server: Downloading https://repo1.maven.org/maven2/org/ow2/asm/asm/9.5/asm-9.5.pom
2024.01.12 12:08:57 INFO  BSP server: Downloaded https://repo1.maven.org/maven2/ch/qos/logback/logback-core/1.4.6/logback-core-1.4.6.pom
2024.01.12 12:08:57 INFO  BSP server: Downloaded https://repo1.maven.org/maven2/org/scalaz/scalaz-core_2.12/7.3.7/scalaz-core_2.12-7.3.7.pom
2024.01.12 12:08:57 INFO  BSP server: Downloaded https://repo1.maven.org/maven2/org/ow2/asm/asm-util/9.5/asm-util-9.5.pom
2024.01.12 12:08:57 INFO  BSP server: Downloaded https://repo1.maven.org/maven2/io/zipkin/reporter2/zipkin-sender-urlconnection/2.16.4/zipkin-sender-urlconnection-2.16.4.pom
2024.01.12 12:08:57 INFO  BSP server: Downloaded https://repo1.maven.org/maven2/io/github/alexarchambault/bleep/bloop-shared_2.12/1.5.11-sc-2/bloop-shared_2.12-1.5.11-sc-2.pom
2024.01.12 12:08:57 INFO  BSP server: Downloaded https://repo1.maven.org/maven2/org/ow2/asm/asm/9.5/asm-9.5.pom
2024.01.12 12:08:57 INFO  BSP server: Downloading https://repo1.maven.org/maven2/io/zipkin/reporter2/zipkin-reporter-parent/2.16.4/zipkin-reporter-parent-2.16.4.pom
2024.01.12 12:08:57 INFO  BSP server: Downloading https://repo1.maven.org/maven2/org/slf4j/slf4j-parent/2.0.4/slf4j-parent-2.0.4.pom
2024.01.12 12:08:57 INFO  BSP server: Downloading https://repo1.maven.org/maven2/io/zipkin/brave/brave-parent/5.16.0/brave-parent-5.16.0.pom
2024.01.12 12:08:57 INFO  BSP server: Downloading https://repo1.maven.org/maven2/org/ow2/ow2/1.5.1/ow2-1.5.1.pom
2024.01.12 12:08:57 INFO  BSP server: Downloaded https://repo1.maven.org/maven2/org/slf4j/slf4j-parent/2.0.4/slf4j-parent-2.0.4.pom
2024.01.12 12:08:57 INFO  BSP server: Downloaded https://repo1.maven.org/maven2/io/zipkin/reporter2/zipkin-reporter-parent/2.16.4/zipkin-reporter-parent-2.16.4.pom
2024.01.12 12:08:57 INFO  BSP server: Downloaded https://repo1.maven.org/maven2/io/zipkin/brave/brave-parent/5.16.0/brave-parent-5.16.0.pom
2024.01.12 12:08:57 INFO  BSP server: Downloaded https://repo1.maven.org/maven2/org/ow2/ow2/1.5.1/ow2-1.5.1.pom
2024.01.12 12:08:58 INFO  BSP server: Downloading https://repo1.maven.org/maven2/io/zipkin/reporter2/zipkin-reporter-brave/2.16.3/zipkin-reporter-brave-2.16.3.pom
2024.01.12 12:08:58 INFO  BSP server: Downloading https://repo1.maven.org/maven2/io/monix/monix-execution_2.12/3.2.0/monix-execution_2.12-3.2.0.pom
2024.01.12 12:08:58 INFO  BSP server: Downloading https://repo1.maven.org/maven2/io/zipkin/reporter2/zipkin-reporter/2.16.4/zipkin-reporter-2.16.4.pom
2024.01.12 12:08:58 INFO  BSP server: Downloading https://repo1.maven.org/maven2/org/reactivestreams/reactive-streams/1.0.4/reactive-streams-1.0.4.pom
2024.01.12 12:08:58 INFO  BSP server: Downloading https://repo1.maven.org/maven2/io/monix/monix-catnap_2.12/3.2.0/monix-catnap_2.12-3.2.0.pom
2024.01.12 12:08:58 INFO  BSP server: Downloading https://repo1.maven.org/maven2/com/github/plokhotnyuk/jsoniter-scala/jsoniter-scala-core_2.12/2.13.3.2/jsoniter-scala-core_2.12-2.13.3.2.pom
2024.01.12 12:08:58 INFO  BSP server: Downloaded https://repo1.maven.org/maven2/io/zipkin/reporter2/zipkin-reporter/2.16.4/zipkin-reporter-2.16.4.pom
2024.01.12 12:08:58 INFO  BSP server: Downloading https://repo1.maven.org/maven2/org/scala-sbt/test-agent/1.9.4/test-agent-1.9.4.pom
2024.01.12 12:08:58 INFO  BSP server: Downloaded https://repo1.maven.org/maven2/io/monix/monix-execution_2.12/3.2.0/monix-execution_2.12-3.2.0.pom
2024.01.12 12:08:58 INFO  BSP server: Downloading https://repo1.maven.org/maven2/io/get-coursier/interface/1.0.13/interface-1.0.13.pom
2024.01.12 12:08:58 INFO  BSP server: Downloaded https://repo1.maven.org/maven2/org/reactivestreams/reactive-streams/1.0.4/reactive-streams-1.0.4.pom
2024.01.12 12:08:58 INFO  BSP server: Downloading https://repo1.maven.org/maven2/ch/epfl/scala/bsp4s_2.12/2.1.0-M5/bsp4s_2.12-2.1.0-M5.pom
2024.01.12 12:08:58 INFO  BSP server: Downloaded https://repo1.maven.org/maven2/io/monix/monix-catnap_2.12/3.2.0/monix-catnap_2.12-3.2.0.pom
2024.01.12 12:08:58 INFO  BSP server: Downloading https://repo1.maven.org/maven2/net/jpountz/lz4/lz4/1.3.0/lz4-1.3.0.pom
2024.01.12 12:08:58 INFO  BSP server: Downloaded https://repo1.maven.org/maven2/io/zipkin/reporter2/zipkin-reporter-brave/2.16.3/zipkin-reporter-brave-2.16.3.pom
2024.01.12 12:08:58 INFO  BSP server: Downloading https://repo1.maven.org/maven2/org/ow2/asm/asm-analysis/9.5/asm-analysis-9.5.pom
2024.01.12 12:08:58 INFO  BSP server: Downloaded https://repo1.maven.org/maven2/com/github/plokhotnyuk/jsoniter-scala/jsoniter-scala-core_2.12/2.13.3.2/jsoniter-scala-core_2.12-2.13.3.2.pom
2024.01.12 12:08:58 INFO  BSP server: Downloading https://repo1.maven.org/maven2/org/ow2/asm/asm-tree/9.5/asm-tree-9.5.pom
2024.01.12 12:08:58 INFO  BSP server: Downloaded https://repo1.maven.org/maven2/org/ow2/asm/asm-analysis/9.5/asm-analysis-9.5.pom
2024.01.12 12:08:58 INFO  BSP server: Downloading https://repo1.maven.org/maven2/io/monix/monix-tail_2.12/3.2.0/monix-tail_2.12-3.2.0.pom
2024.01.12 12:08:58 INFO  BSP server: Downloaded https://repo1.maven.org/maven2/org/scala-sbt/test-agent/1.9.4/test-agent-1.9.4.pom
2024.01.12 12:08:58 INFO  BSP server: Downloading https://repo1.maven.org/maven2/net/java/dev/jna/jna-platform/4.4.0/jna-platform-4.4.0.pom
2024.01.12 12:08:58 INFO  BSP server: Downloaded https://repo1.maven.org/maven2/io/get-coursier/interface/1.0.13/interface-1.0.13.pom
2024.01.12 12:08:58 INFO  BSP server: Downloading https://repo1.maven.org/maven2/io/monix/monix-eval_2.12/3.2.0/monix-eval_2.12-3.2.0.pom
2024.01.12 12:08:58 INFO  BSP server: Downloaded https://repo1.maven.org/maven2/net/jpountz/lz4/lz4/1.3.0/lz4-1.3.0.pom
2024.01.12 12:08:58 INFO  BSP server: Downloading https://repo1.maven.org/maven2/io/reactivex/rxjava2/rxjava/2.2.21/rxjava-2.2.21.pom
2024.01.12 12:08:58 INFO  BSP server: Downloaded https://repo1.maven.org/maven2/ch/epfl/scala/bsp4s_2.12/2.1.0-M5/bsp4s_2.12-2.1.0-M5.pom
2024.01.12 12:08:58 INFO  BSP server: Downloading https://repo1.maven.org/maven2/com/chuusai/shapeless_2.12/2.3.3/shapeless_2.12-2.3.3.pom
2024.01.12 12:08:58 INFO  BSP server: Downloaded https://repo1.maven.org/maven2/org/ow2/asm/asm-tree/9.5/asm-tree-9.5.pom
2024.01.12 12:08:58 INFO  BSP server: Downloading https://repo1.maven.org/maven2/org/apache/commons/commons-lang3/3.13.0/commons-lang3-3.13.0.pom
2024.01.12 12:08:58 INFO  BSP server: Downloaded https://repo1.maven.org/maven2/io/monix/monix-tail_2.12/3.2.0/monix-tail_2.12-3.2.0.pom
2024.01.12 12:08:58 INFO  BSP server: Downloading https://repo1.maven.org/maven2/org/scala-sbt/librarymanagement-core_2.12/1.9.2/librarymanagement-core_2.12-1.9.2.pom
2024.01.12 12:08:58 INFO  BSP server: Downloaded https://repo1.maven.org/maven2/net/java/dev/jna/jna-platform/4.4.0/jna-platform-4.4.0.pom
2024.01.12 12:08:58 INFO  BSP server: Downloading https://repo1.maven.org/maven2/io/monix/monix-java_2.12/3.2.0/monix-java_2.12-3.2.0.pom
2024.01.12 12:08:58 INFO  BSP server: Downloaded https://repo1.maven.org/maven2/io/reactivex/rxjava2/rxjava/2.2.21/rxjava-2.2.21.pom
2024.01.12 12:08:58 INFO  BSP server: Downloading https://repo1.maven.org/maven2/org/scala-sbt/zinc_2.12/1.9.3/zinc_2.12-1.9.3.pom
2024.01.12 12:08:58 INFO  BSP server: Downloaded https://repo1.maven.org/maven2/io/monix/monix-eval_2.12/3.2.0/monix-eval_2.12-3.2.0.pom
2024.01.12 12:08:58 INFO  BSP server: Downloading https://repo1.maven.org/maven2/com/lihaoyi/fansi_2.12/0.4.0/fansi_2.12-0.4.0.pom
2024.01.12 12:08:58 INFO  BSP server: Downloaded https://repo1.maven.org/maven2/com/chuusai/shapeless_2.12/2.3.3/shapeless_2.12-2.3.3.pom
2024.01.12 12:08:58 INFO  BSP server: Downloading https://repo1.maven.org/maven2/io/monix/monix-reactive_2.12/3.2.0/monix-reactive_2.12-3.2.0.pom
2024.01.12 12:08:58 INFO  BSP server: Downloaded https://repo1.maven.org/maven2/org/apache/commons/commons-lang3/3.13.0/commons-lang3-3.13.0.pom
2024.01.12 12:08:58 INFO  BSP server: Downloaded https://repo1.maven.org/maven2/org/scala-sbt/librarymanagement-core_2.12/1.9.2/librarymanagement-core_2.12-1.9.2.pom
2024.01.12 12:08:58 INFO  BSP server: Downloaded https://repo1.maven.org/maven2/io/monix/monix-java_2.12/3.2.0/monix-java_2.12-3.2.0.pom
2024.01.12 12:08:58 INFO  BSP server: Downloaded https://repo1.maven.org/maven2/org/scala-sbt/zinc_2.12/1.9.3/zinc_2.12-1.9.3.pom
2024.01.12 12:08:58 INFO  BSP server: Downloaded https://repo1.maven.org/maven2/com/lihaoyi/fansi_2.12/0.4.0/fansi_2.12-0.4.0.pom
2024.01.12 12:08:58 INFO  BSP server: Downloading https://repo1.maven.org/maven2/net/java/dev/jna/jna/4.5.2/jna-4.5.2.pom
2024.01.12 12:08:58 INFO  BSP server: Downloaded https://repo1.maven.org/maven2/io/monix/monix-reactive_2.12/3.2.0/monix-reactive_2.12-3.2.0.pom
2024.01.12 12:08:58 INFO  BSP server: Downloaded https://repo1.maven.org/maven2/net/java/dev/jna/jna/4.5.2/jna-4.5.2.pom
2024.01.12 12:08:58 INFO  BSP server: Downloading https://repo1.maven.org/maven2/io/zipkin/reporter2/zipkin-reporter-parent/2.16.3/zipkin-reporter-parent-2.16.3.pom
2024.01.12 12:08:58 INFO  BSP server: Downloaded https://repo1.maven.org/maven2/io/zipkin/reporter2/zipkin-reporter-parent/2.16.3/zipkin-reporter-parent-2.16.3.pom
2024.01.12 12:08:58 INFO  BSP server: Downloading https://repo1.maven.org/maven2/me/vican/jorge/jsonrpc4s_2.12/0.1.0/jsonrpc4s_2.12-0.1.0.pom
2024.01.12 12:08:58 INFO  BSP server: Downloading https://repo1.maven.org/maven2/org/jctools/jctools-core/2.1.2/jctools-core-2.1.2.pom
2024.01.12 12:08:58 INFO  BSP server: Downloading https://repo1.maven.org/maven2/io/zipkin/zipkin2/zipkin/2.23.2/zipkin-2.23.2.pom
2024.01.12 12:08:58 INFO  BSP server: Downloading https://repo1.maven.org/maven2/org/scala-sbt/zinc-core_2.12/1.9.3/zinc-core_2.12-1.9.3.pom
2024.01.12 12:08:58 INFO  BSP server: Downloading https://repo1.maven.org/maven2/io/monix/implicitbox_2.12/0.2.0/implicitbox_2.12-0.2.0.pom
2024.01.12 12:08:58 INFO  BSP server: Downloading https://repo1.maven.org/maven2/org/scala-sbt/util-cache_2.12/1.9.1/util-cache_2.12-1.9.1.pom
2024.01.12 12:08:58 INFO  BSP server: Downloaded https://repo1.maven.org/maven2/me/vican/jorge/jsonrpc4s_2.12/0.1.0/jsonrpc4s_2.12-0.1.0.pom
2024.01.12 12:08:58 INFO  BSP server: Downloading https://repo1.maven.org/maven2/org/slf4j/slf4j-api/2.0.6/slf4j-api-2.0.6.pom
2024.01.12 12:08:58 INFO  BSP server: Downloaded https://repo1.maven.org/maven2/org/jctools/jctools-core/2.1.2/jctools-core-2.1.2.pom
2024.01.12 12:08:58 INFO  BSP server: Downloading https://repo1.maven.org/maven2/org/scala-sbt/util-logging_2.12/1.9.1/util-logging_2.12-1.9.1.pom
2024.01.12 12:08:58 INFO  BSP server: Downloaded https://repo1.maven.org/maven2/io/zipkin/zipkin2/zipkin/2.23.2/zipkin-2.23.2.pom
2024.01.12 12:08:58 INFO  BSP server: Downloading https://repo1.maven.org/maven2/org/scala-sbt/zinc-persist_2.12/1.9.3/zinc-persist_2.12-1.9.3.pom
2024.01.12 12:08:58 INFO  BSP server: Downloaded https://repo1.maven.org/maven2/org/scala-sbt/zinc-core_2.12/1.9.3/zinc-core_2.12-1.9.3.pom
2024.01.12 12:08:58 INFO  BSP server: Downloading https://repo1.maven.org/maven2/org/scala-sbt/zinc-compile-core_2.12/1.9.3/zinc-compile-core_2.12-1.9.3.pom
2024.01.12 12:08:58 INFO  BSP server: Downloaded https://repo1.maven.org/maven2/io/monix/implicitbox_2.12/0.2.0/implicitbox_2.12-0.2.0.pom
2024.01.12 12:08:58 INFO  BSP server: Downloading https://repo1.maven.org/maven2/org/scala-sbt/zinc-classfile_2.12/1.9.3/zinc-classfile_2.12-1.9.3.pom
2024.01.12 12:08:58 INFO  BSP server: Downloaded https://repo1.maven.org/maven2/org/scala-sbt/util-cache_2.12/1.9.1/util-cache_2.12-1.9.1.pom
2024.01.12 12:08:58 INFO  BSP server: Downloading https://repo1.maven.org/maven2/org/scala-sbt/io_2.12/1.9.1/io_2.12-1.9.1.pom
2024.01.12 12:08:58 INFO  BSP server: Downloaded https://repo1.maven.org/maven2/org/slf4j/slf4j-api/2.0.6/slf4j-api-2.0.6.pom
2024.01.12 12:08:58 INFO  BSP server: Downloading https://repo1.maven.org/maven2/org/scala-sbt/launcher-interface/1.0.0/launcher-interface-1.0.0.pom
2024.01.12 12:08:58 INFO  BSP server: Downloaded https://repo1.maven.org/maven2/org/scala-sbt/util-logging_2.12/1.9.1/util-logging_2.12-1.9.1.pom
2024.01.12 12:08:58 INFO  BSP server: Downloading https://repo1.maven.org/maven2/org/typelevel/cats-effect_2.12/2.1.3/cats-effect_2.12-2.1.3.pom
2024.01.12 12:08:58 INFO  BSP server: Downloaded https://repo1.maven.org/maven2/org/scala-sbt/zinc-persist_2.12/1.9.3/zinc-persist_2.12-1.9.3.pom
2024.01.12 12:08:58 INFO  BSP server: Downloading https://repo1.maven.org/maven2/org/typelevel/macro-compat_2.12/1.1.1/macro-compat_2.12-1.1.1.pom
2024.01.12 12:08:59 INFO  BSP server: Downloaded https://repo1.maven.org/maven2/org/scala-sbt/zinc-compile-core_2.12/1.9.3/zinc-compile-core_2.12-1.9.3.pom
2024.01.12 12:08:59 INFO  BSP server: Downloading https://repo1.maven.org/maven2/org/scala-sbt/util-position_2.12/1.9.1/util-position_2.12-1.9.1.pom
2024.01.12 12:08:59 INFO  BSP server: Downloaded https://repo1.maven.org/maven2/org/scala-sbt/zinc-classfile_2.12/1.9.3/zinc-classfile_2.12-1.9.3.pom
2024.01.12 12:08:59 INFO  BSP server: Downloaded https://repo1.maven.org/maven2/org/scala-sbt/io_2.12/1.9.1/io_2.12-1.9.1.pom
2024.01.12 12:08:59 INFO  BSP server: Downloaded https://repo1.maven.org/maven2/org/scala-sbt/launcher-interface/1.0.0/launcher-interface-1.0.0.pom
2024.01.12 12:08:59 INFO  BSP server: Downloaded https://repo1.maven.org/maven2/org/typelevel/macro-compat_2.12/1.1.1/macro-compat_2.12-1.1.1.pom
2024.01.12 12:08:59 INFO  BSP server: Downloaded https://repo1.maven.org/maven2/org/typelevel/cats-effect_2.12/2.1.3/cats-effect_2.12-2.1.3.pom
2024.01.12 12:08:59 INFO  BSP server: Downloaded https://repo1.maven.org/maven2/org/scala-sbt/util-position_2.12/1.9.1/util-position_2.12-1.9.1.pom
2024.01.12 12:08:59 INFO  BSP server: Downloading https://repo1.maven.org/maven2/org/slf4j/slf4j-parent/2.0.6/slf4j-parent-2.0.6.pom
2024.01.12 12:08:59 INFO  BSP server: Downloading https://repo1.maven.org/maven2/io/zipkin/zipkin-parent/2.23.2/zipkin-parent-2.23.2.pom
2024.01.12 12:08:59 INFO  BSP server: Downloaded https://repo1.maven.org/maven2/org/slf4j/slf4j-parent/2.0.6/slf4j-parent-2.0.6.pom
2024.01.12 12:08:59 INFO  BSP server: Downloaded https://repo1.maven.org/maven2/io/zipkin/zipkin-parent/2.23.2/zipkin-parent-2.23.2.pom
2024.01.12 12:08:59 INFO  BSP server: Downloading https://repo1.maven.org/maven2/org/scala-sbt/zinc-apiinfo_2.12/1.9.3/zinc-apiinfo_2.12-1.9.3.pom
2024.01.12 12:08:59 INFO  BSP server: Downloading https://repo1.maven.org/maven2/com/swoval/file-tree-views/2.1.10/file-tree-views-2.1.10.pom
2024.01.12 12:08:59 INFO  BSP server: Downloading https://repo1.maven.org/maven2/org/scala-sbt/compiler-interface/1.9.3/compiler-interface-1.9.3.pom
2024.01.12 12:08:59 INFO  BSP server: Downloading https://repo1.maven.org/maven2/com/outr/scribe_2.12/3.5.5/scribe_2.12-3.5.5.pom
2024.01.12 12:08:59 INFO  BSP server: Downloading https://repo1.maven.org/maven2/org/scala-sbt/util-logging_2.12/1.9.2/util-logging_2.12-1.9.2.pom
2024.01.12 12:08:59 INFO  BSP server: Downloading https://repo1.maven.org/maven2/org/scala-sbt/util-control_2.12/1.9.2/util-control_2.12-1.9.2.pom
2024.01.12 12:08:59 INFO  BSP server: Downloaded https://repo1.maven.org/maven2/org/scala-sbt/zinc-apiinfo_2.12/1.9.3/zinc-apiinfo_2.12-1.9.3.pom
2024.01.12 12:08:59 INFO  BSP server: Downloading https://repo1.maven.org/maven2/org/scala-sbt/zinc-persist-core-assembly/1.9.3/zinc-persist-core-assembly-1.9.3.pom
2024.01.12 12:08:59 INFO  BSP server: Downloaded https://repo1.maven.org/maven2/org/scala-sbt/compiler-interface/1.9.3/compiler-interface-1.9.3.pom
2024.01.12 12:08:59 INFO  BSP server: Downloading https://repo1.maven.org/maven2/org/scala-sbt/util-interface/1.9.1/util-interface-1.9.1.pom
2024.01.12 12:08:59 INFO  BSP server: Downloaded https://repo1.maven.org/maven2/com/swoval/file-tree-views/2.1.10/file-tree-views-2.1.10.pom
2024.01.12 12:08:59 INFO  BSP server: Downloading https://repo1.maven.org/maven2/org/scala-sbt/core-macros_2.12/1.9.1/core-macros_2.12-1.9.1.pom
2024.01.12 12:08:59 INFO  BSP server: Downloaded https://repo1.maven.org/maven2/com/outr/scribe_2.12/3.5.5/scribe_2.12-3.5.5.pom
2024.01.12 12:08:59 INFO  BSP server: Downloading https://repo1.maven.org/maven2/org/scala-sbt/util-relation_2.12/1.9.2/util-relation_2.12-1.9.2.pom
2024.01.12 12:08:59 INFO  BSP server: Downloaded https://repo1.maven.org/maven2/org/scala-sbt/util-logging_2.12/1.9.2/util-logging_2.12-1.9.2.pom
2024.01.12 12:08:59 INFO  BSP server: Downloading https://repo1.maven.org/maven2/org/scala-sbt/zinc-classpath_2.12/1.9.3/zinc-classpath_2.12-1.9.3.pom
2024.01.12 12:08:59 INFO  BSP server: Downloaded https://repo1.maven.org/maven2/org/scala-sbt/util-control_2.12/1.9.2/util-control_2.12-1.9.2.pom
2024.01.12 12:08:59 INFO  BSP server: Downloaded https://repo1.maven.org/maven2/org/scala-sbt/core-macros_2.12/1.9.1/core-macros_2.12-1.9.1.pom
2024.01.12 12:08:59 INFO  BSP server: Downloading https://repo1.maven.org/maven2/org/scala-sbt/collections_2.12/1.9.1/collections_2.12-1.9.1.pom
2024.01.12 12:08:59 INFO  BSP server: Downloaded https://repo1.maven.org/maven2/org/scala-sbt/util-interface/1.9.1/util-interface-1.9.1.pom
2024.01.12 12:08:59 INFO  BSP server: Downloading https://repo1.maven.org/maven2/org/typelevel/cats-core_2.12/2.1.1/cats-core_2.12-2.1.1.pom
2024.01.12 12:08:59 INFO  BSP server: Downloaded https://repo1.maven.org/maven2/org/scala-sbt/zinc-persist-core-assembly/1.9.3/zinc-persist-core-assembly-1.9.3.pom
2024.01.12 12:08:59 INFO  BSP server: Downloaded https://repo1.maven.org/maven2/org/scala-sbt/util-relation_2.12/1.9.2/util-relation_2.12-1.9.2.pom
2024.01.12 12:08:59 INFO  BSP server: Downloaded https://repo1.maven.org/maven2/org/scala-sbt/zinc-classpath_2.12/1.9.3/zinc-classpath_2.12-1.9.3.pom
2024.01.12 12:08:59 INFO  BSP server: Downloaded https://repo1.maven.org/maven2/org/scala-sbt/collections_2.12/1.9.1/collections_2.12-1.9.1.pom
2024.01.12 12:08:59 INFO  BSP server: Downloaded https://repo1.maven.org/maven2/org/typelevel/cats-core_2.12/2.1.1/cats-core_2.12-2.1.1.pom
2024.01.12 12:08:59 INFO  BSP server: Downloading https://repo1.maven.org/maven2/org/typelevel/cats-kernel_2.12/2.1.1/cats-kernel_2.12-2.1.1.pom
2024.01.12 12:08:59 INFO  BSP server: Downloading https://repo1.maven.org/maven2/org/typelevel/cats-macros_2.12/2.1.1/cats-macros_2.12-2.1.1.pom
2024.01.12 12:08:59 INFO  BSP server: Downloading https://repo1.maven.org/maven2/org/scala-sbt/collections_2.12/1.9.2/collections_2.12-1.9.2.pom
2024.01.12 12:08:59 INFO  BSP server: Downloading https://repo1.maven.org/maven2/org/scala-sbt/util-interface/1.9.2/util-interface-1.9.2.pom
2024.01.12 12:08:59 INFO  BSP server: Downloading https://repo1.maven.org/maven2/org/scala-sbt/core-macros_2.12/1.9.2/core-macros_2.12-1.9.2.pom
2024.01.12 12:08:59 INFO  BSP server: Downloading https://repo1.maven.org/maven2/com/outr/moduload_2.12/1.1.5/moduload_2.12-1.1.5.pom
2024.01.12 12:08:59 INFO  BSP server: Downloaded https://repo1.maven.org/maven2/org/typelevel/cats-kernel_2.12/2.1.1/cats-kernel_2.12-2.1.1.pom
2024.01.12 12:08:59 INFO  BSP server: Downloading https://repo1.maven.org/maven2/org/scala-sbt/compiler-bridge_2.12/1.9.3/compiler-bridge_2.12-1.9.3.pom
2024.01.12 12:08:59 INFO  BSP server: Downloaded https://repo1.maven.org/maven2/org/typelevel/cats-macros_2.12/2.1.1/cats-macros_2.12-2.1.1.pom
2024.01.12 12:08:59 INFO  BSP server: Downloading https://repo1.maven.org/maven2/com/outr/perfolation_2.12/1.2.8/perfolation_2.12-1.2.8.pom
2024.01.12 12:08:59 INFO  BSP server: Downloaded https://repo1.maven.org/maven2/org/scala-sbt/util-interface/1.9.2/util-interface-1.9.2.pom
2024.01.12 12:08:59 INFO  BSP server: Downloaded https://repo1.maven.org/maven2/org/scala-sbt/collections_2.12/1.9.2/collections_2.12-1.9.2.pom
2024.01.12 12:08:59 INFO  BSP server: Downloaded https://repo1.maven.org/maven2/org/scala-sbt/core-macros_2.12/1.9.2/core-macros_2.12-1.9.2.pom
2024.01.12 12:08:59 INFO  BSP server: Downloaded https://repo1.maven.org/maven2/com/outr/moduload_2.12/1.1.5/moduload_2.12-1.1.5.pom
2024.01.12 12:08:59 INFO  BSP server: Downloaded https://repo1.maven.org/maven2/com/outr/perfolation_2.12/1.2.8/perfolation_2.12-1.2.8.pom
2024.01.12 12:08:59 INFO  BSP server: Downloaded https://repo1.maven.org/maven2/org/scala-sbt/compiler-bridge_2.12/1.9.3/compiler-bridge_2.12-1.9.3.pom
2024.01.12 12:08:59 INFO  BSP server: Downloading https://repo1.maven.org/maven2/org/scala-sbt/util-position_2.12/1.9.2/util-position_2.12-1.9.2.pom
2024.01.12 12:08:59 INFO  BSP server: Downloaded https://repo1.maven.org/maven2/org/scala-sbt/util-position_2.12/1.9.2/util-position_2.12-1.9.2.pom
2024.01.12 12:08:59 INFO  BSP server: Downloading https://repo1.maven.org/maven2/ch/epfl/scala/com-microsoft-java-debug-core/0.34.0+20/com-microsoft-java-debug-core-0.34.0+20.jar
2024.01.12 12:08:59 INFO  BSP server: Downloading https://repo1.maven.org/maven2/org/typelevel/cats-core_2.12/2.1.1/cats-core_2.12-2.1.1.jar
2024.01.12 12:08:59 INFO  BSP server: Downloading https://repo1.maven.org/maven2/org/scala-sbt/librarymanagement-core_2.12/1.9.2/librarymanagement-core_2.12-1.9.2.jar
2024.01.12 12:08:59 INFO  BSP server: Downloading https://repo1.maven.org/maven2/org/typelevel/cats-macros_2.12/2.1.1/cats-macros_2.12-2.1.1.jar
2024.01.12 12:08:59 INFO  BSP server: Downloading https://repo1.maven.org/maven2/org/scala-sbt/zinc-classpath_2.12/1.9.3/zinc-classpath_2.12-1.9.3.jar
2024.01.12 12:08:59 INFO  BSP server: Downloading https://repo1.maven.org/maven2/org/scala-sbt/zinc-persist-core-assembly/1.9.3/zinc-persist-core-assembly-1.9.3.jar
2024.01.12 12:08:59 INFO  BSP server: Downloaded https://repo1.maven.org/maven2/org/typelevel/cats-macros_2.12/2.1.1/cats-macros_2.12-2.1.1.jar
2024.01.12 12:08:59 INFO  BSP server: Downloading https://repo1.maven.org/maven2/org/ow2/asm/asm-tree/9.5/asm-tree-9.5.jar
2024.01.12 12:08:59 INFO  BSP server: Downloaded https://repo1.maven.org/maven2/ch/epfl/scala/com-microsoft-java-debug-core/0.34.0+20/com-microsoft-java-debug-core-0.34.0+20.jar
2024.01.12 12:08:59 INFO  BSP server: Downloading https://repo1.maven.org/maven2/org/scala-lang/modules/scala-collection-compat_2.12/2.11.0/scala-collection-compat_2.12-2.11.0.jar
2024.01.12 12:08:59 INFO  BSP server: Downloaded https://repo1.maven.org/maven2/org/scala-sbt/zinc-classpath_2.12/1.9.3/zinc-classpath_2.12-1.9.3.jar
2024.01.12 12:08:59 INFO  BSP server: Downloading https://repo1.maven.org/maven2/org/jctools/jctools-core/2.1.2/jctools-core-2.1.2.jar
2024.01.12 12:08:59 INFO  BSP server: Downloaded https://repo1.maven.org/maven2/org/ow2/asm/asm-tree/9.5/asm-tree-9.5.jar
2024.01.12 12:08:59 INFO  BSP server: Downloading https://repo1.maven.org/maven2/io/github/alexarchambault/bleep/bloop-shared_2.12/1.5.11-sc-2/bloop-shared_2.12-1.5.11-sc-2.jar
2024.01.12 12:09:00 INFO  BSP server: Downloaded https://repo1.maven.org/maven2/org/scala-sbt/librarymanagement-core_2.12/1.9.2/librarymanagement-core_2.12-1.9.2.jar
2024.01.12 12:09:00 INFO  BSP server: Downloading https://repo1.maven.org/maven2/com/outr/scribe_2.12/3.5.5/scribe_2.12-3.5.5.jar
2024.01.12 12:09:00 INFO  BSP server: Downloaded https://repo1.maven.org/maven2/org/scala-lang/modules/scala-collection-compat_2.12/2.11.0/scala-collection-compat_2.12-2.11.0.jar
2024.01.12 12:09:00 INFO  BSP server: Downloading https://repo1.maven.org/maven2/io/zipkin/zipkin2/zipkin/2.23.2/zipkin-2.23.2.jar
2024.01.12 12:09:00 INFO  BSP server: Downloaded https://repo1.maven.org/maven2/io/github/alexarchambault/bleep/bloop-shared_2.12/1.5.11-sc-2/bloop-shared_2.12-1.5.11-sc-2.jar
2024.01.12 12:09:00 INFO  BSP server: Downloading https://repo1.maven.org/maven2/com/github/plokhotnyuk/jsoniter-scala/jsoniter-scala-core_2.12/2.13.3.2/jsoniter-scala-core_2.12-2.13.3.2.jar
2024.01.12 12:09:00 INFO  BSP server: Downloaded https://repo1.maven.org/maven2/org/jctools/jctools-core/2.1.2/jctools-core-2.1.2.jar
2024.01.12 12:09:00 INFO  BSP server: Downloading https://repo1.maven.org/maven2/org/scala-sbt/collections_2.12/1.9.2/collections_2.12-1.9.2.jar
2024.01.12 12:09:00 INFO  BSP server: Downloaded https://repo1.maven.org/maven2/com/outr/scribe_2.12/3.5.5/scribe_2.12-3.5.5.jar
2024.01.12 12:09:00 INFO  BSP server: Downloading https://repo1.maven.org/maven2/org/ow2/asm/asm-util/9.5/asm-util-9.5.jar
2024.01.12 12:09:00 INFO  BSP server: Downloaded https://repo1.maven.org/maven2/org/ow2/asm/asm-util/9.5/asm-util-9.5.jar
2024.01.12 12:09:00 INFO  BSP server: Downloading https://repo1.maven.org/maven2/org/scala-sbt/zinc_2.12/1.9.3/zinc_2.12-1.9.3.jar
2024.01.12 12:09:00 INFO  BSP server: Downloaded https://repo1.maven.org/maven2/com/github/plokhotnyuk/jsoniter-scala/jsoniter-scala-core_2.12/2.13.3.2/jsoniter-scala-core_2.12-2.13.3.2.jar
2024.01.12 12:09:00 INFO  BSP server: Downloading https://repo1.maven.org/maven2/io/monix/monix-tail_2.12/3.2.0/monix-tail_2.12-3.2.0.jar
2024.01.12 12:09:00 INFO  BSP server: Downloaded https://repo1.maven.org/maven2/org/scala-sbt/zinc_2.12/1.9.3/zinc_2.12-1.9.3.jar
2024.01.12 12:09:00 INFO  BSP server: Downloading https://repo1.maven.org/maven2/org/scala-sbt/util-cache_2.12/1.9.1/util-cache_2.12-1.9.1.jar
2024.01.12 12:09:00 INFO  BSP server: Downloaded https://repo1.maven.org/maven2/org/scala-sbt/util-cache_2.12/1.9.1/util-cache_2.12-1.9.1.jar
2024.01.12 12:09:00 INFO  BSP server: Downloading https://repo1.maven.org/maven2/io/zipkin/reporter2/zipkin-reporter/2.16.4/zipkin-reporter-2.16.4.jar
2024.01.12 12:09:00 INFO  BSP server: Downloaded https://repo1.maven.org/maven2/org/scala-sbt/collections_2.12/1.9.2/collections_2.12-1.9.2.jar
2024.01.12 12:09:00 INFO  BSP server: Downloading https://repo1.maven.org/maven2/ch/epfl/scala/bloop-config_2.12/1.5.5/bloop-config_2.12-1.5.5.jar
2024.01.12 12:09:00 INFO  BSP server: Downloaded https://repo1.maven.org/maven2/io/zipkin/reporter2/zipkin-reporter/2.16.4/zipkin-reporter-2.16.4.jar
2024.01.12 12:09:00 INFO  BSP server: Downloading https://repo1.maven.org/maven2/io/monix/monix-reactive_2.12/3.2.0/monix-reactive_2.12-3.2.0.jar
2024.01.12 12:09:00 INFO  BSP server: Downloaded https://repo1.maven.org/maven2/org/scala-sbt/zinc-persist-core-assembly/1.9.3/zinc-persist-core-assembly-1.9.3.jar
2024.01.12 12:09:00 INFO  BSP server: Downloading https://repo1.maven.org/maven2/org/scala-sbt/compiler-bridge_2.12/1.9.3/compiler-bridge_2.12-1.9.3.jar
2024.01.12 12:09:00 INFO  BSP server: Downloaded https://repo1.maven.org/maven2/io/monix/monix-tail_2.12/3.2.0/monix-tail_2.12-3.2.0.jar
2024.01.12 12:09:00 INFO  BSP server: Downloading https://repo1.maven.org/maven2/com/swoval/file-tree-views/2.1.10/file-tree-views-2.1.10.jar
2024.01.12 12:09:00 INFO  BSP server: Downloaded https://repo1.maven.org/maven2/io/zipkin/zipkin2/zipkin/2.23.2/zipkin-2.23.2.jar
2024.01.12 12:09:00 INFO  BSP server: Downloading https://repo1.maven.org/maven2/com/lihaoyi/pprint_2.12/0.8.1/pprint_2.12-0.8.1.jar
2024.01.12 12:09:00 INFO  BSP server: Downloaded https://repo1.maven.org/maven2/com/swoval/file-tree-views/2.1.10/file-tree-views-2.1.10.jar
2024.01.12 12:09:00 INFO  BSP server: Downloading https://repo1.maven.org/maven2/org/scala-sbt/zinc-core_2.12/1.9.3/zinc-core_2.12-1.9.3.jar
2024.01.12 12:09:01 INFO  BSP server: Downloaded https://repo1.maven.org/maven2/org/scala-sbt/compiler-bridge_2.12/1.9.3/compiler-bridge_2.12-1.9.3.jar
2024.01.12 12:09:01 INFO  BSP server: Downloading https://repo1.maven.org/maven2/com/lihaoyi/fansi_2.12/0.4.0/fansi_2.12-0.4.0.jar
2024.01.12 12:09:01 INFO  BSP server: Downloaded https://repo1.maven.org/maven2/com/lihaoyi/pprint_2.12/0.8.1/pprint_2.12-0.8.1.jar
2024.01.12 12:09:01 INFO  BSP server: Downloading https://repo1.maven.org/maven2/com/github/alexarchambault/case-app_2.12/2.0.6/case-app_2.12-2.0.6.jar
2024.01.12 12:09:01 INFO  BSP server: Downloaded https://repo1.maven.org/maven2/ch/epfl/scala/bloop-config_2.12/1.5.5/bloop-config_2.12-1.5.5.jar
2024.01.12 12:09:01 INFO  BSP server: Downloading https://repo1.maven.org/maven2/ch/epfl/scala/bsp4s_2.12/2.1.0-M5/bsp4s_2.12-2.1.0-M5.jar
2024.01.12 12:09:01 INFO  BSP server: Downloaded https://repo1.maven.org/maven2/com/lihaoyi/fansi_2.12/0.4.0/fansi_2.12-0.4.0.jar
2024.01.12 12:09:01 INFO  BSP server: Downloading https://repo1.maven.org/maven2/io/monix/monix-eval_2.12/3.2.0/monix-eval_2.12-3.2.0.jar
2024.01.12 12:09:01 INFO  BSP server: Downloaded https://repo1.maven.org/maven2/org/typelevel/cats-core_2.12/2.1.1/cats-core_2.12-2.1.1.jar
2024.01.12 12:09:01 INFO  BSP server: Downloading https://repo1.maven.org/maven2/org/scala-sbt/util-interface/1.9.2/util-interface-1.9.2.jar
2024.01.12 12:09:01 INFO  BSP server: Downloaded https://repo1.maven.org/maven2/org/scala-sbt/util-interface/1.9.2/util-interface-1.9.2.jar
2024.01.12 12:09:01 INFO  BSP server: Downloading https://repo1.maven.org/maven2/com/outr/perfolation_2.12/1.2.8/perfolation_2.12-1.2.8.jar
2024.01.12 12:09:01 INFO  BSP server: Downloaded https://repo1.maven.org/maven2/io/monix/monix-reactive_2.12/3.2.0/monix-reactive_2.12-3.2.0.jar
2024.01.12 12:09:01 INFO  BSP server: Downloading https://repo1.maven.org/maven2/com/chuusai/shapeless_2.12/2.3.3/shapeless_2.12-2.3.3.jar
2024.01.12 12:09:01 INFO  BSP server: Downloaded https://repo1.maven.org/maven2/com/outr/perfolation_2.12/1.2.8/perfolation_2.12-1.2.8.jar
2024.01.12 12:09:01 INFO  BSP server: Downloading https://repo1.maven.org/maven2/io/zipkin/reporter2/zipkin-reporter-brave/2.16.3/zipkin-reporter-brave-2.16.3.jar
2024.01.12 12:09:01 INFO  BSP server: Downloaded https://repo1.maven.org/maven2/com/github/alexarchambault/case-app_2.12/2.0.6/case-app_2.12-2.0.6.jar
2024.01.12 12:09:01 INFO  BSP server: Downloading https://repo1.maven.org/maven2/com/github/alexarchambault/case-app-util_2.12/2.0.6/case-app-util_2.12-2.0.6.jar
2024.01.12 12:09:01 INFO  BSP server: Downloaded https://repo1.maven.org/maven2/io/zipkin/reporter2/zipkin-reporter-brave/2.16.3/zipkin-reporter-brave-2.16.3.jar
2024.01.12 12:09:01 INFO  BSP server: Downloading https://repo1.maven.org/maven2/org/typelevel/macro-compat_2.12/1.1.1/macro-compat_2.12-1.1.1.jar
2024.01.12 12:09:01 INFO  BSP server: Downloaded https://repo1.maven.org/maven2/org/typelevel/macro-compat_2.12/1.1.1/macro-compat_2.12-1.1.1.jar
2024.01.12 12:09:01 INFO  BSP server: Downloading https://repo1.maven.org/maven2/io/monix/monix_2.12/3.2.0/monix_2.12-3.2.0.jar
2024.01.12 12:09:01 INFO  BSP server: Downloaded https://repo1.maven.org/maven2/com/github/alexarchambault/case-app-util_2.12/2.0.6/case-app-util_2.12-2.0.6.jar
2024.01.12 12:09:01 INFO  BSP server: Downloading https://repo1.maven.org/maven2/org/ow2/asm/asm-analysis/9.5/asm-analysis-9.5.jar
2024.01.12 12:09:01 INFO  BSP server: Downloaded https://repo1.maven.org/maven2/io/monix/monix_2.12/3.2.0/monix_2.12-3.2.0.jar
2024.01.12 12:09:01 INFO  BSP server: Downloading https://repo1.maven.org/maven2/io/github/alexarchambault/bleep/bloop-frontend_2.12/1.5.11-sc-2/bloop-frontend_2.12-1.5.11-sc-2.jar
2024.01.12 12:09:01 INFO  BSP server: Downloaded https://repo1.maven.org/maven2/org/ow2/asm/asm-analysis/9.5/asm-analysis-9.5.jar
2024.01.12 12:09:01 INFO  BSP server: Downloading https://repo1.maven.org/maven2/org/typelevel/cats-kernel_2.12/2.1.1/cats-kernel_2.12-2.1.1.jar
2024.01.12 12:09:01 INFO  BSP server: Downloaded https://repo1.maven.org/maven2/org/scala-sbt/zinc-core_2.12/1.9.3/zinc-core_2.12-1.9.3.jar
2024.01.12 12:09:01 INFO  BSP server: Downloading https://repo1.maven.org/maven2/com/github/alexarchambault/case-app-annotations_2.12/2.0.6/case-app-annotations_2.12-2.0.6.jar
2024.01.12 12:09:01 INFO  BSP server: Downloaded https://repo1.maven.org/maven2/io/monix/monix-eval_2.12/3.2.0/monix-eval_2.12-3.2.0.jar
2024.01.12 12:09:01 INFO  BSP server: Downloading https://repo1.maven.org/maven2/org/scala-sbt/util-position_2.12/1.9.2/util-position_2.12-1.9.2.jar
2024.01.12 12:09:01 INFO  BSP server: Downloaded https://repo1.maven.org/maven2/com/github/alexarchambault/case-app-annotations_2.12/2.0.6/case-app-annotations_2.12-2.0.6.jar
2024.01.12 12:09:01 INFO  BSP server: Downloading https://repo1.maven.org/maven2/ch/epfl/scala/directory-watcher/0.8.0+6-f651bd93/directory-watcher-0.8.0+6-f651bd93.jar
2024.01.12 12:09:01 INFO  BSP server: Downloaded https://repo1.maven.org/maven2/org/scala-sbt/util-position_2.12/1.9.2/util-position_2.12-1.9.2.jar
2024.01.12 12:09:01 INFO  BSP server: Downloading https://repo1.maven.org/maven2/ch/qos/logback/logback-core/1.4.6/logback-core-1.4.6.jar
2024.01.12 12:09:01 INFO  BSP server: Downloaded https://repo1.maven.org/maven2/ch/epfl/scala/directory-watcher/0.8.0+6-f651bd93/directory-watcher-0.8.0+6-f651bd93.jar
2024.01.12 12:09:01 INFO  BSP server: Downloading https://repo1.maven.org/maven2/net/jpountz/lz4/lz4/1.3.0/lz4-1.3.0.jar
2024.01.12 12:09:03 INFO  BSP server: Downloaded https://repo1.maven.org/maven2/net/jpountz/lz4/lz4/1.3.0/lz4-1.3.0.jar
2024.01.12 12:09:03 INFO  BSP server: Downloading https://repo1.maven.org/maven2/org/slf4j/slf4j-api/2.0.6/slf4j-api-2.0.6.jar
2024.01.12 12:09:03 INFO  BSP server: Downloaded https://repo1.maven.org/maven2/org/slf4j/slf4j-api/2.0.6/slf4j-api-2.0.6.jar
2024.01.12 12:09:03 INFO  BSP server: Downloading https://repo1.maven.org/maven2/ch/epfl/scala/scala-debug-adapter_2.12/3.1.4/scala-debug-adapter_2.12-3.1.4.jar
2024.01.12 12:09:03 INFO  BSP server: Downloaded https://repo1.maven.org/maven2/ch/epfl/scala/bsp4s_2.12/2.1.0-M5/bsp4s_2.12-2.1.0-M5.jar
2024.01.12 12:09:03 INFO  BSP server: Downloading https://repo1.maven.org/maven2/org/ow2/asm/asm/9.5/asm-9.5.jar
2024.01.12 12:09:03 INFO  BSP server: Downloaded https://repo1.maven.org/maven2/ch/qos/logback/logback-core/1.4.6/logback-core-1.4.6.jar
2024.01.12 12:09:03 INFO  BSP server: Downloading https://repo1.maven.org/maven2/org/scala-sbt/test-agent/1.9.4/test-agent-1.9.4.jar
2024.01.12 12:09:03 INFO  BSP server: Downloaded https://repo1.maven.org/maven2/org/scala-sbt/test-agent/1.9.4/test-agent-1.9.4.jar
2024.01.12 12:09:03 INFO  BSP server: Downloading https://repo1.maven.org/maven2/org/apache/commons/commons-lang3/3.13.0/commons-lang3-3.13.0.jar
2024.01.12 12:09:03 INFO  BSP server: Downloaded https://repo1.maven.org/maven2/org/ow2/asm/asm/9.5/asm-9.5.jar
2024.01.12 12:09:03 INFO  BSP server: Downloading https://repo1.maven.org/maven2/io/github/alexarchambault/bleep/nailgun-server/1.0.7/nailgun-server-1.0.7.jar
2024.01.12 12:09:03 INFO  BSP server: Downloaded https://repo1.maven.org/maven2/io/github/alexarchambault/bleep/nailgun-server/1.0.7/nailgun-server-1.0.7.jar
2024.01.12 12:09:03 INFO  BSP server: Downloading https://repo1.maven.org/maven2/org/scala-sbt/core-macros_2.12/1.9.2/core-macros_2.12-1.9.2.jar
2024.01.12 12:09:03 INFO  BSP server: Downloaded https://repo1.maven.org/maven2/org/scala-sbt/core-macros_2.12/1.9.2/core-macros_2.12-1.9.2.jar
2024.01.12 12:09:03 INFO  BSP server: Downloading https://repo1.maven.org/maven2/org/scala-sbt/compiler-interface/1.9.3/compiler-interface-1.9.3.jar
2024.01.12 12:09:03 INFO  BSP server: Downloaded https://repo1.maven.org/maven2/org/scala-sbt/compiler-interface/1.9.3/compiler-interface-1.9.3.jar
2024.01.12 12:09:03 INFO  BSP server: Downloading https://repo1.maven.org/maven2/io/github/alexarchambault/bleep/bloop-backend_2.12/1.5.11-sc-2/bloop-backend_2.12-1.5.11-sc-2.jar
2024.01.12 12:09:03 INFO  BSP server: Downloaded https://repo1.maven.org/maven2/org/apache/commons/commons-lang3/3.13.0/commons-lang3-3.13.0.jar
2024.01.12 12:09:03 INFO  BSP server: Downloading https://repo1.maven.org/maven2/me/vican/jorge/jsonrpc4s_2.12/0.1.0/jsonrpc4s_2.12-0.1.0.jar
2024.01.12 12:09:04 INFO  BSP server: Downloaded https://repo1.maven.org/maven2/me/vican/jorge/jsonrpc4s_2.12/0.1.0/jsonrpc4s_2.12-0.1.0.jar
2024.01.12 12:09:04 INFO  BSP server: Downloading https://repo1.maven.org/maven2/io/reactivex/rxjava2/rxjava/2.2.21/rxjava-2.2.21.jar
2024.01.12 12:09:04 INFO  BSP server: Downloaded https://repo1.maven.org/maven2/ch/epfl/scala/scala-debug-adapter_2.12/3.1.4/scala-debug-adapter_2.12-3.1.4.jar
2024.01.12 12:09:04 INFO  BSP server: Downloading https://repo1.maven.org/maven2/org/zeroturnaround/zt-zip/1.16/zt-zip-1.16.jar
2024.01.12 12:09:04 INFO  BSP server: Downloaded https://repo1.maven.org/maven2/io/github/alexarchambault/bleep/bloop-backend_2.12/1.5.11-sc-2/bloop-backend_2.12-1.5.11-sc-2.jar
2024.01.12 12:09:04 INFO  BSP server: Downloading https://repo1.maven.org/maven2/com/outr/moduload_2.12/1.1.5/moduload_2.12-1.1.5.jar
2024.01.12 12:09:04 INFO  BSP server: Downloaded https://repo1.maven.org/maven2/com/outr/moduload_2.12/1.1.5/moduload_2.12-1.1.5.jar
2024.01.12 12:09:04 INFO  BSP server: Downloading https://repo1.maven.org/maven2/ch/qos/logback/logback-classic/1.4.6/logback-classic-1.4.6.jar
2024.01.12 12:09:04 INFO  BSP server: Downloaded https://repo1.maven.org/maven2/org/zeroturnaround/zt-zip/1.16/zt-zip-1.16.jar
2024.01.12 12:09:04 INFO  BSP server: Downloading https://repo1.maven.org/maven2/org/scala-sbt/zinc-persist_2.12/1.9.3/zinc-persist_2.12-1.9.3.jar
2024.01.12 12:09:04 INFO  BSP server: Downloaded https://repo1.maven.org/maven2/io/github/alexarchambault/bleep/bloop-frontend_2.12/1.5.11-sc-2/bloop-frontend_2.12-1.5.11-sc-2.jar
2024.01.12 12:09:04 INFO  BSP server: Downloading https://repo1.maven.org/maven2/org/typelevel/cats-effect_2.12/2.1.3/cats-effect_2.12-2.1.3.jar
2024.01.12 12:09:04 INFO  BSP server: Downloaded https://repo1.maven.org/maven2/ch/qos/logback/logback-classic/1.4.6/logback-classic-1.4.6.jar
2024.01.12 12:09:04 INFO  BSP server: Downloading https://repo1.maven.org/maven2/io/monix/monix-catnap_2.12/3.2.0/monix-catnap_2.12-3.2.0.jar
2024.01.12 12:09:04 INFO  BSP server: Downloaded https://repo1.maven.org/maven2/org/scala-sbt/zinc-persist_2.12/1.9.3/zinc-persist_2.12-1.9.3.jar
2024.01.12 12:09:04 INFO  BSP server: Downloading https://repo1.maven.org/maven2/org/scalaz/scalaz-core_2.12/7.3.7/scalaz-core_2.12-7.3.7.jar
2024.01.12 12:09:04 INFO  BSP server: Downloaded https://repo1.maven.org/maven2/io/monix/monix-catnap_2.12/3.2.0/monix-catnap_2.12-3.2.0.jar
2024.01.12 12:09:04 INFO  BSP server: Downloading https://repo1.maven.org/maven2/org/scala-sbt/util-relation_2.12/1.9.2/util-relation_2.12-1.9.2.jar
2024.01.12 12:09:05 INFO  BSP server: Downloaded https://repo1.maven.org/maven2/org/scala-sbt/util-relation_2.12/1.9.2/util-relation_2.12-1.9.2.jar
2024.01.12 12:09:05 INFO  BSP server: Downloading https://repo1.maven.org/maven2/org/scala-sbt/io_2.12/1.9.1/io_2.12-1.9.1.jar
2024.01.12 12:09:06 INFO  BSP server: Downloaded https://repo1.maven.org/maven2/org/scala-sbt/io_2.12/1.9.1/io_2.12-1.9.1.jar
2024.01.12 12:09:06 INFO  BSP server: Downloading https://repo1.maven.org/maven2/io/monix/monix-execution_2.12/3.2.0/monix-execution_2.12-3.2.0.jar
2024.01.12 12:09:06 INFO  BSP server: Downloaded https://repo1.maven.org/maven2/com/chuusai/shapeless_2.12/2.3.3/shapeless_2.12-2.3.3.jar
2024.01.12 12:09:06 INFO  BSP server: Downloading https://repo1.maven.org/maven2/org/scala-sbt/util-logging_2.12/1.9.2/util-logging_2.12-1.9.2.jar
2024.01.12 12:09:06 INFO  BSP server: Downloaded https://repo1.maven.org/maven2/org/typelevel/cats-kernel_2.12/2.1.1/cats-kernel_2.12-2.1.1.jar
2024.01.12 12:09:06 INFO  BSP server: Downloading https://repo1.maven.org/maven2/io/monix/implicitbox_2.12/0.2.0/implicitbox_2.12-0.2.0.jar
2024.01.12 12:09:06 INFO  BSP server: Downloaded https://repo1.maven.org/maven2/io/monix/implicitbox_2.12/0.2.0/implicitbox_2.12-0.2.0.jar
2024.01.12 12:09:06 INFO  BSP server: Downloading https://repo1.maven.org/maven2/org/scala-sbt/zinc-compile-core_2.12/1.9.3/zinc-compile-core_2.12-1.9.3.jar
2024.01.12 12:09:06 INFO  BSP server: Downloaded https://repo1.maven.org/maven2/org/typelevel/cats-effect_2.12/2.1.3/cats-effect_2.12-2.1.3.jar
2024.01.12 12:09:06 INFO  BSP server: Downloading https://repo1.maven.org/maven2/io/monix/monix-java_2.12/3.2.0/monix-java_2.12-3.2.0.jar
2024.01.12 12:09:06 INFO  BSP server: Downloaded https://repo1.maven.org/maven2/io/monix/monix-java_2.12/3.2.0/monix-java_2.12-3.2.0.jar
2024.01.12 12:09:06 INFO  BSP server: Downloading https://repo1.maven.org/maven2/io/get-coursier/interface/1.0.13/interface-1.0.13.jar
2024.01.12 12:09:06 INFO  BSP server: Downloaded https://repo1.maven.org/maven2/org/scala-sbt/zinc-compile-core_2.12/1.9.3/zinc-compile-core_2.12-1.9.3.jar
2024.01.12 12:09:06 INFO  BSP server: Downloading https://repo1.maven.org/maven2/com/lihaoyi/sourcecode_2.12/0.3.0/sourcecode_2.12-0.3.0.jar
2024.01.12 12:09:06 INFO  BSP server: Downloaded https://repo1.maven.org/maven2/org/scala-sbt/util-logging_2.12/1.9.2/util-logging_2.12-1.9.2.jar
2024.01.12 12:09:06 INFO  BSP server: Downloading https://repo1.maven.org/maven2/org/scala-sbt/zinc-classfile_2.12/1.9.3/zinc-classfile_2.12-1.9.3.jar
2024.01.12 12:09:06 INFO  BSP server: Downloaded https://repo1.maven.org/maven2/org/scala-sbt/zinc-classfile_2.12/1.9.3/zinc-classfile_2.12-1.9.3.jar
2024.01.12 12:09:06 INFO  BSP server: Downloading https://repo1.maven.org/maven2/io/github/alexarchambault/libdaemon/libdaemon_2.12/0.0.11/libdaemon_2.12-0.0.11.jar
2024.01.12 12:09:06 INFO  BSP server: Downloaded https://repo1.maven.org/maven2/com/lihaoyi/sourcecode_2.12/0.3.0/sourcecode_2.12-0.3.0.jar
2024.01.12 12:09:06 INFO  BSP server: Downloading https://repo1.maven.org/maven2/org/scala-sbt/zinc-apiinfo_2.12/1.9.3/zinc-apiinfo_2.12-1.9.3.jar
2024.01.12 12:09:06 INFO  BSP server: Downloaded https://repo1.maven.org/maven2/io/reactivex/rxjava2/rxjava/2.2.21/rxjava-2.2.21.jar
2024.01.12 12:09:06 INFO  BSP server: Downloading https://repo1.maven.org/maven2/org/scala-sbt/util-control_2.12/1.9.2/util-control_2.12-1.9.2.jar
2024.01.12 12:09:06 INFO  BSP server: Downloaded https://repo1.maven.org/maven2/io/github/alexarchambault/libdaemon/libdaemon_2.12/0.0.11/libdaemon_2.12-0.0.11.jar
2024.01.12 12:09:06 INFO  BSP server: Downloading https://repo1.maven.org/maven2/io/zipkin/brave/brave/5.16.0/brave-5.16.0.jar
2024.01.12 12:09:06 INFO  BSP server: Downloaded https://repo1.maven.org/maven2/org/scala-sbt/util-control_2.12/1.9.2/util-control_2.12-1.9.2.jar
2024.01.12 12:09:06 INFO  BSP server: Downloading https://repo1.maven.org/maven2/io/zipkin/reporter2/zipkin-sender-urlconnection/2.16.4/zipkin-sender-urlconnection-2.16.4.jar
2024.01.12 12:09:06 INFO  BSP server: Downloaded https://repo1.maven.org/maven2/io/zipkin/reporter2/zipkin-sender-urlconnection/2.16.4/zipkin-sender-urlconnection-2.16.4.jar
2024.01.12 12:09:06 INFO  BSP server: Downloading https://repo1.maven.org/maven2/org/scala-sbt/librarymanagement-ivy_2.12/1.9.2/librarymanagement-ivy_2.12-1.9.2.jar
2024.01.12 12:09:07 INFO  BSP server: Downloaded https://repo1.maven.org/maven2/org/scala-sbt/zinc-apiinfo_2.12/1.9.3/zinc-apiinfo_2.12-1.9.3.jar
2024.01.12 12:09:07 INFO  BSP server: Downloading https://repo1.maven.org/maven2/org/reactivestreams/reactive-streams/1.0.4/reactive-streams-1.0.4.jar
2024.01.12 12:09:07 INFO  BSP server: Downloaded https://repo1.maven.org/maven2/org/reactivestreams/reactive-streams/1.0.4/reactive-streams-1.0.4.jar
2024.01.12 12:09:07 INFO  BSP server: Downloaded https://repo1.maven.org/maven2/io/monix/monix-execution_2.12/3.2.0/monix-execution_2.12-3.2.0.jar
2024.01.12 12:09:07 INFO  BSP server: Downloaded https://repo1.maven.org/maven2/io/zipkin/brave/brave/5.16.0/brave-5.16.0.jar
2024.01.12 12:09:07 INFO  BSP server: Downloaded https://repo1.maven.org/maven2/org/scala-sbt/librarymanagement-ivy_2.12/1.9.2/librarymanagement-ivy_2.12-1.9.2.jar
2024.01.12 12:09:08 INFO  no build target found for C:\Users\ervan\Documents\GitHub\PR7BIGDATA\processe\job.01\mnmcount\scala\src\main\scala\mnm\MnMcount.scala. Using presentation compiler with project's scala-library version: 3.3.1
2024.01.12 12:09:11 INFO  BSP server: Downloaded https://repo1.maven.org/maven2/org/scalaz/scalaz-core_2.12/7.3.7/scalaz-core_2.12-7.3.7.jar
2024.01.12 12:09:11 INFO  BSP server: Downloaded https://repo1.maven.org/maven2/io/get-coursier/interface/1.0.13/interface-1.0.13.jar
2024.01.12 12:09:11 INFO  BSP server: Starting compilation server
2024.01.12 12:09:26 INFO  BSP server: Downloading https://repo1.maven.org/maven2/com/sourcegraph/semanticdb-javac/0.7.4/semanticdb-javac-0.7.4.pom
2024.01.12 12:09:26 INFO  BSP server: Downloaded https://repo1.maven.org/maven2/com/sourcegraph/semanticdb-javac/0.7.4/semanticdb-javac-0.7.4.pom
2024.01.12 12:09:26 INFO  BSP server: Downloading https://repo1.maven.org/maven2/com/sourcegraph/semanticdb-javac/0.7.4/semanticdb-javac-0.7.4.jar
2024.01.12 12:09:26 INFO  BSP server: Downloaded https://repo1.maven.org/maven2/com/sourcegraph/semanticdb-javac/0.7.4/semanticdb-javac-0.7.4.jar
2024.01.12 12:09:27 INFO  time: Connected to build server in 30s
2024.01.12 12:09:27 INFO  Connected to Build server: scala-cli v1.0.6
2024.01.12 12:09:28 INFO  time: Imported build in 0.4s
2024.01.12 12:09:29 INFO  compiling pr7bigdata_bd2c96d2de (1 scala source)
2024.01.12 12:09:31 INFO  time: indexed workspace in 3.82s
2024.01.12 12:09:39 INFO  time: compiled PR7BIGDATA_bd2c96d2de in 10s
2024.01.12 12:09:39 INFO  compiling pr7bigdata_bd2c96d2de (1 scala source)
2024.01.12 12:09:41 INFO  time: compiled PR7BIGDATA_bd2c96d2de in 1.75s
2024.01.12 12:09:41 INFO  compiling pr7bigdata_bd2c96d2de (1 scala source)
2024.01.12 12:09:43 INFO  time: compiled PR7BIGDATA_bd2c96d2de in 1.29s
2024.01.12 12:09:43 INFO  compiling pr7bigdata_bd2c96d2de (1 scala source)
2024.01.12 12:09:45 INFO  time: compiled PR7BIGDATA_bd2c96d2de in 1.05s
janv. 12, 2024 12:21:31 SOIR org.eclipse.lsp4j.jsonrpc.services.GenericEndpoint notify
INFO: Unsupported notification method: $/setTrace
janv. 12, 2024 12:29:52 SOIR org.eclipse.lsp4j.jsonrpc.RemoteEndpoint handleCancellation
WARNING: Unmatched cancel notification for request id 87
2024.01.12 12:30:17 INFO  compiling pr7bigdata_bd2c96d2de (1 scala source)
2024.01.12 12:30:18 INFO  time: compiled PR7BIGDATA_bd2c96d2de in 1.15s
2024.01.12 12:30:21 INFO  compiling pr7bigdata_bd2c96d2de (1 scala source)
2024.01.12 12:30:21 INFO  time: compiled PR7BIGDATA_bd2c96d2de in 0.88s
2024.01.12 12:30:29 INFO  compiling pr7bigdata_bd2c96d2de (1 scala source)
2024.01.12 12:30:29 INFO  time: compiled PR7BIGDATA_bd2c96d2de in 0.71s
2024.01.12 12:30:32 INFO  compiling pr7bigdata_bd2c96d2de (1 scala source)
2024.01.12 12:30:32 INFO  time: compiled PR7BIGDATA_bd2c96d2de in 0.79s
2024.01.12 12:30:36 INFO  compiling pr7bigdata_bd2c96d2de (1 scala source)
2024.01.12 12:30:36 INFO  time: compiled PR7BIGDATA_bd2c96d2de in 0.65s
2024.01.12 12:30:38 INFO  compiling pr7bigdata_bd2c96d2de (1 scala source)
2024.01.12 12:30:38 INFO  time: compiled PR7BIGDATA_bd2c96d2de in 0.65s
2024.01.12 12:30:40 INFO  compiling pr7bigdata_bd2c96d2de (1 scala source)
2024.01.12 12:30:40 INFO  time: compiled PR7BIGDATA_bd2c96d2de in 0.57s
2024.01.12 12:30:42 INFO  compiling pr7bigdata_bd2c96d2de (1 scala source)
2024.01.12 12:30:42 INFO  time: compiled PR7BIGDATA_bd2c96d2de in 0.69s
2024.01.12 12:30:46 INFO  compiling pr7bigdata_bd2c96d2de (1 scala source)
2024.01.12 12:30:46 INFO  time: compiled PR7BIGDATA_bd2c96d2de in 0.71s
2024.01.12 12:31:02 INFO  compiling pr7bigdata_bd2c96d2de (1 scala source)
2024.01.12 12:31:02 INFO  time: compiled PR7BIGDATA_bd2c96d2de in 0.71s
2024.01.12 12:31:07 INFO  compiling pr7bigdata_bd2c96d2de (1 scala source)
2024.01.12 12:31:07 INFO  time: compiled PR7BIGDATA_bd2c96d2de in 0.65s
2024.01.12 12:31:08 INFO  compiling pr7bigdata_bd2c96d2de (1 scala source)
2024.01.12 12:31:08 INFO  time: compiled PR7BIGDATA_bd2c96d2de in 0.6s
2024.01.12 12:31:12 INFO  compiling pr7bigdata_bd2c96d2de (1 scala source)
2024.01.12 12:31:12 INFO  time: compiled PR7BIGDATA_bd2c96d2de in 0.62s
2024.01.12 12:31:16 INFO  compiling pr7bigdata_bd2c96d2de (1 scala source)
2024.01.12 12:31:16 INFO  time: compiled PR7BIGDATA_bd2c96d2de in 0.69s
2024.01.12 12:31:17 INFO  compiling pr7bigdata_bd2c96d2de (1 scala source)
2024.01.12 12:31:17 INFO  time: compiled PR7BIGDATA_bd2c96d2de in 0.46s
2024.01.12 12:31:21 INFO  compiling pr7bigdata_bd2c96d2de (1 scala source)
2024.01.12 12:31:21 INFO  time: compiled PR7BIGDATA_bd2c96d2de in 0.58s
2024.01.12 12:31:22 INFO  compiling pr7bigdata_bd2c96d2de (1 scala source)
2024.01.12 12:31:22 INFO  time: compiled PR7BIGDATA_bd2c96d2de in 0.48s
2024.01.12 12:31:28 INFO  compiling pr7bigdata_bd2c96d2de (1 scala source)
2024.01.12 12:31:28 INFO  time: compiled PR7BIGDATA_bd2c96d2de in 0.52s
2024.01.12 12:31:30 INFO  compiling pr7bigdata_bd2c96d2de (1 scala source)
2024.01.12 12:31:30 INFO  time: compiled PR7BIGDATA_bd2c96d2de in 0.5s
2024.01.12 12:31:36 INFO  compiling pr7bigdata_bd2c96d2de (1 scala source)
2024.01.12 12:31:36 INFO  time: compiled PR7BIGDATA_bd2c96d2de in 0.45s
2024.01.12 12:31:41 INFO  compiling pr7bigdata_bd2c96d2de (1 scala source)
2024.01.12 12:31:41 INFO  time: compiled PR7BIGDATA_bd2c96d2de in 0.55s
2024.01.12 12:32:03 INFO  compiling pr7bigdata_bd2c96d2de (1 scala source)
2024.01.12 12:32:03 INFO  time: compiled PR7BIGDATA_bd2c96d2de in 0.52s
2024.01.12 12:34:58 INFO  compiling pr7bigdata_bd2c96d2de (1 scala source)
2024.01.12 12:34:58 INFO  time: compiled PR7BIGDATA_bd2c96d2de in 0.68s
2024.01.12 12:39:20 INFO  compiling pr7bigdata_bd2c96d2de (1 scala source)
2024.01.12 12:39:20 INFO  time: compiled PR7BIGDATA_bd2c96d2de in 0.65s
2024.01.12 12:39:23 INFO  compiling pr7bigdata_bd2c96d2de (1 scala source)
2024.01.12 12:39:23 INFO  time: compiled PR7BIGDATA_bd2c96d2de in 0.49s
2024.01.12 12:39:25 INFO  compiling pr7bigdata_bd2c96d2de (1 scala source)
2024.01.12 12:39:25 INFO  time: compiled PR7BIGDATA_bd2c96d2de in 0.64s
2024.01.12 14:22:26 WARN  no build target for: C:\Users\ervan\Documents\GitHub\PR7BIGDATA\processe\job.01\mnmcount\scala\build.sbt
2024.01.12 14:22:26 WARN  Could not find semantic tokens for: file:///C:/Users/ervan/Documents/GitHub/PR7BIGDATA/processe/job.01/mnmcount/scala/build.sbt
